Username: iso - Clicked Button: Login - Date Time: 1.06.2020 18:06:57
Username: iso - Clicked Button:  - Date Time: 1.06.2020 18:07:18
Username: iso - Clicked Button: Add - Date Time: 1.06.2020 18:07:21
Username: iso - Clicked Button: Magazines - Date Time: 1.06.2020 18:07:26
Username: iso - Clicked Button: Add - Date Time: 1.06.2020 18:07:54
Username: iso - Clicked Button: CDs - Date Time: 1.06.2020 18:07:56
Username: iso - Clicked Button: Add - Date Time: 1.06.2020 18:08:18
Username: iso - Clicked Button: Log Out - Date Time: 1.06.2020 18:08:24
Username: Unknown user - Clicked Button: Sign Up! - Date Time: 1.06.2020 18:08:59
Username: ayse - Clicked Button: Login - Date Time: 1.06.2020 18:09:08
Username: ayse - Clicked Button: Add - Date Time: 1.06.2020 18:09:12
Username: ayse - Clicked Button: Add - Date Time: 1.06.2020 18:09:16
Username: ayse - Clicked Button: CDs - Date Time: 1.06.2020 18:09:19
Username: ayse - Clicked Button: CDs - Date Time: 1.06.2020 18:09:21
Username: ayse - Clicked Button: CDs - Date Time: 1.06.2020 18:09:22
Username: ayse - Clicked Button: CDs - Date Time: 1.06.2020 18:09:22
Username: ayse - Clicked Button: Magazines - Date Time: 1.06.2020 18:09:23
Username: ayse - Clicked Button: CDs - Date Time: 1.06.2020 18:09:24
Username: ayse - Clicked Button: Magazines - Date Time: 1.06.2020 18:09:25
Username: ayse - Clicked Button:  - Date Time: 1.06.2020 18:09:26
Username: ayse - Clicked Button:  - Date Time: 1.06.2020 18:09:27
Username: ayse - Clicked Button: Add - Date Time: 1.06.2020 18:09:27
Username: ayse - Clicked Button: CDs - Date Time: 1.06.2020 18:09:29
Username: ayse - Clicked Button: Add - Date Time: 1.06.2020 18:09:49
Username: ayse - Clicked Button: Add - Date Time: 1.06.2020 18:09:52
Username: ayse - Clicked Button: Cart - Date Time: 1.06.2020 18:09:55
Username: ayse - Clicked Button:  - Date Time: 1.06.2020 18:10:11
Username: ayse - Clicked Button: Remove - Date Time: 1.06.2020 18:10:28
Username: ayse - Clicked Button: Continue Shopping - Date Time: 1.06.2020 18:10:34
Username: ayse - Clicked Button: Cart - Date Time: 1.06.2020 18:10:36
Username: ayse - Clicked Button: Checkout - Date Time: 1.06.2020 18:10:39
Username: ayse - Clicked Button: Place Order - Date Time: 1.06.2020 18:11:32
Username: ayse - Clicked Button: Verify - Date Time: 1.06.2020 18:12:11
Username: ayse - Clicked Button: My Orders - Date Time: 1.06.2020 18:12:58
Username: ayse - Clicked Button: Cancel Order - Date Time: 1.06.2020 18:13:26
Username: ayse - Clicked Button: Cart - Date Time: 1.06.2020 18:13:33
Username: ayse - Clicked Button: Continue Shopping - Date Time: 1.06.2020 18:13:34
Username: ayse - Clicked Button: My Orders - Date Time: 1.06.2020 18:13:35
Username: ayse - Clicked Button: Books - Date Time: 1.06.2020 18:13:40
Username: ayşe - Clicked Button: Login - Date Time: 1.06.2020 18:14:11
Username: ayse - Clicked Button: Login - Date Time: 1.06.2020 18:14:15
Username: ayse - Clicked Button: Add - Date Time: 1.06.2020 18:14:18
Username: ayse - Clicked Button: Cart - Date Time: 1.06.2020 18:14:21
Username: ayse - Clicked Button: Login - Date Time: 1.06.2020 18:14:44
Username: ayse - Clicked Button: Cart - Date Time: 1.06.2020 18:14:46
Username: ayse - Clicked Button: Continue Shopping - Date Time: 1.06.2020 18:14:50
Username: ayse - Clicked Button: Cart - Date Time: 1.06.2020 18:14:52
Username: ayse - Clicked Button: Remove - Date Time: 1.06.2020 18:14:55
Username: Unknown user - Clicked Button: Sign Up! - Date Time: 10.06.2020 14:45:05
Username: mustafa - Clicked Button: Login - Date Time: 10.06.2020 14:45:18
Username: mustafa - Clicked Button: Books - Date Time: 10.06.2020 14:45:44
Username: mustafa - Clicked Button:  - Date Time: 10.06.2020 14:45:48
Username: mustafa - Clicked Button: Add - Date Time: 10.06.2020 14:45:50
Username: mustafa - Clicked Button: Add - Date Time: 10.06.2020 14:45:55
Username: mustafa - Clicked Button: Magazines - Date Time: 10.06.2020 14:46:02
Username: mustafa - Clicked Button: Add - Date Time: 10.06.2020 14:46:05
Username: mustafa - Clicked Button: Add - Date Time: 10.06.2020 14:46:24
Username: mustafa - Clicked Button: CDs - Date Time: 10.06.2020 14:46:26
Username: mustafa - Clicked Button: Add - Date Time: 10.06.2020 14:46:29
Username: mustafa - Clicked Button: Add - Date Time: 10.06.2020 14:46:33
Username: mustafa - Clicked Button: Cart - Date Time: 10.06.2020 14:46:36
Username: mustafa - Clicked Button: Checkout - Date Time: 10.06.2020 14:46:45
Username: mustafa - Clicked Button: Continue Shopping - Date Time: 10.06.2020 14:46:57
Username: mustafa - Clicked Button: Cart - Date Time: 10.06.2020 14:47:02
Username: mustafa - Clicked Button: Checkout - Date Time: 10.06.2020 14:47:03
Username: mustafa - Clicked Button: Place Order - Date Time: 10.06.2020 14:47:13
Username: mustafa - Clicked Button: Verify - Date Time: 10.06.2020 14:48:02
Username: mustafa - Clicked Button: My Orders - Date Time: 10.06.2020 14:48:37
Username: mustafa - Clicked Button: Cancel Order - Date Time: 10.06.2020 14:49:27
Username: mustafa - Clicked Button: Login - Date Time: 10.06.2020 14:49:38
Username: mustafa - Clicked Button: Login - Date Time: 10.06.2020 14:49:49
Username: mustafa - Clicked Button: My Orders - Date Time: 10.06.2020 14:49:52
Username: mustafa - Clicked Button: Books - Date Time: 10.06.2020 14:50:10
Username: mustafa - Clicked Button: Magazines - Date Time: 10.06.2020 14:50:12
Username: mustafa - Clicked Button: CDs - Date Time: 10.06.2020 14:50:12
Username: mustafa - Clicked Button: My Orders - Date Time: 10.06.2020 14:50:13
Username: mustafa - Clicked Button: Log Out - Date Time: 10.06.2020 14:50:14
Username: admin - Clicked Button: Login - Date Time: 10.06.2020 14:50:18
Username: admin - Clicked Button: Admin - Date Time: 10.06.2020 14:50:21
Username: admin - Clicked Button: Update Selected Book - Date Time: 10.06.2020 14:50:29
Username: admin - Clicked Button: Add New Book - Date Time: 10.06.2020 14:50:35
Username: admin - Clicked Button: Magazines - Date Time: 10.06.2020 14:50:37
Username: admin - Clicked Button: CDs - Date Time: 10.06.2020 14:50:38
Username: admin - Clicked Button: Orders - Date Time: 10.06.2020 14:50:39
Username: admin - Clicked Button: Books - Date Time: 10.06.2020 14:51:04
Username: mustafa - Clicked Button: Login - Date Time: 10.06.2020 14:51:16
Username: Unknown user - Clicked Button: Sign Up! - Date Time: 11.06.2020 15:12:22
Username: halil - Clicked Button: Login - Date Time: 11.06.2020 15:12:42
Username: halil - Clicked Button:  - Date Time: 11.06.2020 15:13:07
Username: halil - Clicked Button: Add - Date Time: 11.06.2020 15:13:08
Username: halil - Clicked Button: Add - Date Time: 11.06.2020 15:13:12
Username: halil - Clicked Button: CDs - Date Time: 11.06.2020 15:13:18
Username: halil - Clicked Button: Add - Date Time: 11.06.2020 15:13:25
Username: halil - Clicked Button: Magazines - Date Time: 11.06.2020 15:13:29
Username: halil - Clicked Button:  - Date Time: 11.06.2020 15:13:54
Username: halil - Clicked Button: Add - Date Time: 11.06.2020 15:13:55
Username: halil - Clicked Button: Cart - Date Time: 11.06.2020 15:13:56
Username: halil - Clicked Button: Checkout - Date Time: 11.06.2020 15:14:02
Username: halil - Clicked Button: Place Order - Date Time: 11.06.2020 15:14:46
Username: halil - Clicked Button: Verify - Date Time: 11.06.2020 15:15:07
Username: halil - Clicked Button: My Orders - Date Time: 11.06.2020 15:15:40
Username: halil - Clicked Button: Log Out - Date Time: 11.06.2020 15:15:47
Username: admin - Clicked Button: Login - Date Time: 11.06.2020 15:15:56
Username: admin - Clicked Button: Admin - Date Time: 11.06.2020 15:15:58
Username: admin - Clicked Button: Orders - Date Time: 11.06.2020 15:16:00
Username: admin - Clicked Button: CDs - Date Time: 11.06.2020 15:16:16
Username: admin - Clicked Button: Magazines - Date Time: 11.06.2020 15:16:17
Username: admin - Clicked Button: Books - Date Time: 11.06.2020 15:16:18
Username: admin - Clicked Button: Update Selected Book - Date Time: 11.06.2020 15:16:21
Username: admin - Clicked Button: Add New Book - Date Time: 11.06.2020 15:16:26
Username: admin - Clicked Button: Magazines - Date Time: 11.06.2020 15:16:29
Username: admin - Clicked Button: CDs - Date Time: 11.06.2020 15:16:29
Username: admin - Clicked Button: Books - Date Time: 11.06.2020 15:16:30
Username: admin - Clicked Button: Log Out - Date Time: 11.06.2020 15:16:46
Username: Unknown user - Clicked Button: Sign Up! - Date Time: 11.06.2020 16:03:44
Username: wolf48 - Clicked Button: Login - Date Time: 11.06.2020 16:03:56
Username: wolf48 - Clicked Button: Add - Date Time: 11.06.2020 16:04:40
Username: wolf48 - Clicked Button: Add - Date Time: 11.06.2020 16:04:43
Username: wolf48 - Clicked Button: Magazines - Date Time: 11.06.2020 16:04:47
Username: wolf48 - Clicked Button:  - Date Time: 11.06.2020 16:04:50
Username: wolf48 - Clicked Button:  - Date Time: 11.06.2020 16:04:51
Username: wolf48 - Clicked Button: Add - Date Time: 11.06.2020 16:04:52
Username: wolf48 - Clicked Button: CDs - Date Time: 11.06.2020 16:04:54
Username: wolf48 - Clicked Button: Add - Date Time: 11.06.2020 16:04:58
Username: wolf48 - Clicked Button: Add - Date Time: 11.06.2020 16:05:01
Username: wolf48 - Clicked Button:  - Date Time: 11.06.2020 16:05:04
Username: wolf48 - Clicked Button: Add - Date Time: 11.06.2020 16:05:06
Username: wolf48 - Clicked Button: Cart - Date Time: 11.06.2020 16:05:08
Username: wolf48 - Clicked Button:  - Date Time: 11.06.2020 16:05:14
Username: wolf48 - Clicked Button: Checkout - Date Time: 11.06.2020 16:05:19
Username: wolf48 - Clicked Button: Place Order - Date Time: 11.06.2020 16:05:26
Username: wolf48 - Clicked Button: Verify - Date Time: 11.06.2020 16:05:50
Username: wolf48 - Clicked Button: My Orders - Date Time: 11.06.2020 16:06:14
Username: wolf48 - Clicked Button: Log Out - Date Time: 11.06.2020 16:06:30
Username: Unknown user - Clicked Button: Sign Up! - Date Time: 11.06.2020 17:20:06
Username: korkmazzhuseyin - Clicked Button: Login - Date Time: 11.06.2020 17:20:26
Username: korkmazzhuseyin - Clicked Button: Magazines - Date Time: 11.06.2020 17:20:35
Username: korkmazzhuseyin - Clicked Button: CDs - Date Time: 11.06.2020 17:20:36
Username: korkmazzhuseyin - Clicked Button: Books - Date Time: 11.06.2020 17:20:37
Username: korkmazzhuseyin - Clicked Button:  - Date Time: 11.06.2020 17:20:49
Username: korkmazzhuseyin - Clicked Button:  - Date Time: 11.06.2020 17:20:49
Username: korkmazzhuseyin - Clicked Button:  - Date Time: 11.06.2020 17:20:49
Username: korkmazzhuseyin - Clicked Button: Add - Date Time: 11.06.2020 17:20:50
Username: korkmazzhuseyin - Clicked Button: Add - Date Time: 11.06.2020 17:20:54
Username: korkmazzhuseyin - Clicked Button: Magazines - Date Time: 11.06.2020 17:20:56
Username: korkmazzhuseyin - Clicked Button: Add - Date Time: 11.06.2020 17:20:58
Username: korkmazzhuseyin - Clicked Button: Add - Date Time: 11.06.2020 17:21:02
Username: korkmazzhuseyin - Clicked Button: CDs - Date Time: 11.06.2020 17:21:03
Username: korkmazzhuseyin - Clicked Button:  - Date Time: 11.06.2020 17:21:08
Username: korkmazzhuseyin - Clicked Button:  - Date Time: 11.06.2020 17:21:09
Username: korkmazzhuseyin - Clicked Button:  - Date Time: 11.06.2020 17:21:09
Username: korkmazzhuseyin - Clicked Button:  - Date Time: 11.06.2020 17:21:10
Username: korkmazzhuseyin - Clicked Button:  - Date Time: 11.06.2020 17:21:10
Username: korkmazzhuseyin - Clicked Button:  - Date Time: 11.06.2020 17:21:10
Username: korkmazzhuseyin - Clicked Button: Add - Date Time: 11.06.2020 17:21:11
Username: korkmazzhuseyin - Clicked Button: Cart - Date Time: 11.06.2020 17:21:13
Username: korkmazzhuseyin - Clicked Button: Checkout - Date Time: 11.06.2020 17:21:23
Username: korkmazzhuseyin - Clicked Button: Place Order - Date Time: 11.06.2020 17:21:33
Username: korkmazzhuseyin - Clicked Button: Verify - Date Time: 11.06.2020 17:23:12
Username: korkmazzhuseyin - Clicked Button: My Orders - Date Time: 11.06.2020 17:23:21
Username: korkmazzhuseyin - Clicked Button: Log Out - Date Time: 11.06.2020 17:23:53
Username: admin - Clicked Button: Login - Date Time: 11.06.2020 17:24:54
Username: admin - Clicked Button: Admin - Date Time: 11.06.2020 17:24:56
Username: admin - Clicked Button: Update Selected Book - Date Time: 11.06.2020 17:25:00
Username: admin - Clicked Button: Add New Book - Date Time: 11.06.2020 17:25:01
Username: admin - Clicked Button: Orders - Date Time: 11.06.2020 17:25:02
Username: admin - Clicked Button: Cancel Order - Date Time: 11.06.2020 17:25:09
Username: admin - Clicked Button: Cancel Order - Date Time: 11.06.2020 17:25:18
Username: admin - Clicked Button: Cancel Order - Date Time: 11.06.2020 17:25:23
Username: Unknown user - Clicked Button: Sign Up! - Date Time: 12.06.2020 17:39:51
Username: 48obam - Clicked Button: Login - Date Time: 12.06.2020 17:40:07
Username: 48obam - Clicked Button: Add - Date Time: 12.06.2020 17:40:38
Username: 48obam - Clicked Button:  - Date Time: 12.06.2020 17:40:41
Username: 48obam - Clicked Button: Add - Date Time: 12.06.2020 17:40:42
Username: 48obam - Clicked Button: Add - Date Time: 12.06.2020 17:40:44
Username: 48obam - Clicked Button: Magazines - Date Time: 12.06.2020 17:41:01
Username: 48obam - Clicked Button: CDs - Date Time: 12.06.2020 17:41:06
Username: 48obam - Clicked Button: Add - Date Time: 12.06.2020 17:41:10
Username: 48obam - Clicked Button: Add - Date Time: 12.06.2020 17:41:12
Username: 48obam - Clicked Button: CDs - Date Time: 12.06.2020 17:41:16
Username: 48obam - Clicked Button: Magazines - Date Time: 12.06.2020 17:41:16
Username: 48obam - Clicked Button: Add - Date Time: 12.06.2020 17:41:17
Username: 48obam - Clicked Button: Add - Date Time: 12.06.2020 17:41:19
Username: 48obam - Clicked Button: Cart - Date Time: 12.06.2020 17:41:23
Username: 48obam - Clicked Button:  - Date Time: 12.06.2020 17:41:29
Username: 48obam - Clicked Button: Checkout - Date Time: 12.06.2020 17:41:31
Username: 48obam - Clicked Button: Place Order - Date Time: 12.06.2020 17:41:42
Username: 48obam - Clicked Button: Verify - Date Time: 12.06.2020 17:42:30
Username: 48obam - Clicked Button: My Orders - Date Time: 12.06.2020 17:43:06
Username: 48obam - Clicked Button: Log Out - Date Time: 12.06.2020 17:43:11
