Username: darkbo - Clicked Button: Login - Date Time: 1.06.2020 13:17:28
Username: Unknown user - Clicked Button: Sign Up! - Date Time: 2.06.2020 12:56:03
Username: Gokhan - Clicked Button: Login - Date Time: 2.06.2020 12:56:13
Username: Gokhan - Clicked Button: Magazines - Date Time: 2.06.2020 12:56:19
Username: Gokhan - Clicked Button: CDs - Date Time: 2.06.2020 12:56:21
Username: Gokhan - Clicked Button: Cart - Date Time: 2.06.2020 12:56:25
Username: Gokhan - Clicked Button: Continue Shopping - Date Time: 2.06.2020 12:56:27
Username: Gokhan - Clicked Button: My Orders - Date Time: 2.06.2020 12:56:28
Username: Gokhan - Clicked Button: Magazines - Date Time: 2.06.2020 12:56:29
Username: Gokhan - Clicked Button: Books - Date Time: 2.06.2020 12:56:30
Username: Gokhan - Clicked Button:  - Date Time: 2.06.2020 12:56:32
Username: Gokhan - Clicked Button:  - Date Time: 2.06.2020 12:56:32
Username: Gokhan - Clicked Button:  - Date Time: 2.06.2020 12:56:32
Username: Gokhan - Clicked Button:  - Date Time: 2.06.2020 12:56:33
Username: Gokhan - Clicked Button:  - Date Time: 2.06.2020 12:56:33
Username: Gokhan - Clicked Button:  - Date Time: 2.06.2020 12:56:33
Username: Gokhan - Clicked Button: Add - Date Time: 2.06.2020 12:56:34
Username: Gokhan - Clicked Button:  - Date Time: 2.06.2020 12:56:37
Username: Gokhan - Clicked Button: Add - Date Time: 2.06.2020 12:56:37
Username: Gokhan - Clicked Button: Magazines - Date Time: 2.06.2020 12:56:39
Username: Gokhan - Clicked Button: Add - Date Time: 2.06.2020 12:56:41
Username: Gokhan - Clicked Button: CDs - Date Time: 2.06.2020 12:56:43
Username: Gokhan - Clicked Button: Add - Date Time: 2.06.2020 12:56:45
Username: Gokhan - Clicked Button: Cart - Date Time: 2.06.2020 12:56:47
Username: Gokhan - Clicked Button:  - Date Time: 2.06.2020 12:56:51
Username: Gokhan - Clicked Button:  - Date Time: 2.06.2020 12:56:51
Username: Gokhan - Clicked Button:  - Date Time: 2.06.2020 12:56:52
Username: Gokhan - Clicked Button:  - Date Time: 2.06.2020 12:56:53
Username: Gokhan - Clicked Button:  - Date Time: 2.06.2020 12:56:54
Username: Gokhan - Clicked Button:  - Date Time: 2.06.2020 12:56:55
Username: Gokhan - Clicked Button:  - Date Time: 2.06.2020 12:56:56
Username: Gokhan - Clicked Button:  - Date Time: 2.06.2020 12:56:56
Username: Gokhan - Clicked Button:  - Date Time: 2.06.2020 12:56:57
Username: Gokhan - Clicked Button: Cancel Order - Date Time: 2.06.2020 12:57:04
Username: Gokhan - Clicked Button: Continue Shopping - Date Time: 2.06.2020 12:57:09
Username: Gokhan - Clicked Button: Books - Date Time: 2.06.2020 12:57:11
Username: Gokhan - Clicked Button: Add - Date Time: 2.06.2020 12:57:12
Username: Gokhan - Clicked Button: Magazines - Date Time: 2.06.2020 12:57:13
Username: Gokhan - Clicked Button: Add - Date Time: 2.06.2020 12:57:14
Username: Gokhan - Clicked Button: CDs - Date Time: 2.06.2020 12:57:16
Username: Gokhan - Clicked Button: Add - Date Time: 2.06.2020 12:57:17
Username: Gokhan - Clicked Button: Cart - Date Time: 2.06.2020 12:57:20
Username: Gokhan - Clicked Button: Checkout - Date Time: 2.06.2020 12:57:21
Username: Gokhan - Clicked Button: Place Order - Date Time: 2.06.2020 12:57:37
Username: Gokhan - Clicked Button: Verify - Date Time: 2.06.2020 12:57:53
Username: Gokhan - Clicked Button: My Orders - Date Time: 2.06.2020 12:58:05
Username: Gokhan - Clicked Button: Cart - Date Time: 2.06.2020 12:58:12
Username: Gokhan - Clicked Button: Continue Shopping - Date Time: 2.06.2020 12:58:13
Username: Gokhan - Clicked Button: Log Out - Date Time: 2.06.2020 12:58:16
Username: darkbo - Clicked Button: Login - Date Time: 2.06.2020 13:04:27
Username: darkbo - Clicked Button: Login - Date Time: 2.06.2020 13:10:21
Username: darkbo - Clicked Button: Login - Date Time: 2.06.2020 13:17:32
Username: darkbo - Clicked Button: CDs - Date Time: 2.06.2020 13:17:35
Username: darkbo - Clicked Button: Cart - Date Time: 2.06.2020 13:17:35
Username: darkbo - Clicked Button: Login - Date Time: 2.06.2020 13:21:29
Username: Unknown user - Clicked Button: Sign Up! - Date Time: 2.06.2020 14:16:44
Username: Unknown user - Clicked Button: Sign Up! - Date Time: 2.06.2020 14:20:16
Username: gokhan - Clicked Button: Login - Date Time: 2.06.2020 14:20:27
Username: gokhan - Clicked Button: Magazines - Date Time: 2.06.2020 14:20:33
Username: gokhan - Clicked Button: CDs - Date Time: 2.06.2020 14:20:35
Username: gokhan - Clicked Button: Cart - Date Time: 2.06.2020 14:20:38
Username: gokhan - Clicked Button: Continue Shopping - Date Time: 2.06.2020 14:20:42
Username: gokhan - Clicked Button: My Orders - Date Time: 2.06.2020 14:20:43
Username: gokhan - Clicked Button: Books - Date Time: 2.06.2020 14:20:46
Username: gokhan - Clicked Button:  - Date Time: 2.06.2020 14:20:48
Username: gokhan - Clicked Button:  - Date Time: 2.06.2020 14:20:49
Username: gokhan - Clicked Button:  - Date Time: 2.06.2020 14:20:49
Username: gokhan - Clicked Button:  - Date Time: 2.06.2020 14:20:49
Username: gokhan - Clicked Button:  - Date Time: 2.06.2020 14:20:49
Username: gokhan - Clicked Button: Add - Date Time: 2.06.2020 14:20:52
Username: gokhan - Clicked Button: Add - Date Time: 2.06.2020 14:20:54
Username: gokhan - Clicked Button: Magazines - Date Time: 2.06.2020 14:20:55
Username: gokhan - Clicked Button: Add - Date Time: 2.06.2020 14:20:56
Username: gokhan - Clicked Button: Cart - Date Time: 2.06.2020 14:20:58
Username: gokhan - Clicked Button: Continue Shopping - Date Time: 2.06.2020 14:21:00
Username: gokhan - Clicked Button: Cart - Date Time: 2.06.2020 14:21:01
Username: gokhan - Clicked Button: Continue Shopping - Date Time: 2.06.2020 14:21:04
Username: gokhan - Clicked Button: CDs - Date Time: 2.06.2020 14:21:05
Username: gokhan - Clicked Button: Add - Date Time: 2.06.2020 14:21:06
Username: gokhan - Clicked Button: Cart - Date Time: 2.06.2020 14:21:08
Username: gokhan - Clicked Button:  - Date Time: 2.06.2020 14:21:18
Username: gokhan - Clicked Button:  - Date Time: 2.06.2020 14:21:18
Username: gokhan - Clicked Button:  - Date Time: 2.06.2020 14:21:18
Username: gokhan - Clicked Button:  - Date Time: 2.06.2020 14:21:20
Username: gokhan - Clicked Button:  - Date Time: 2.06.2020 14:21:23
Username: gokhan - Clicked Button:  - Date Time: 2.06.2020 14:21:23
Username: gokhan - Clicked Button:  - Date Time: 2.06.2020 14:21:24
Username: gokhan - Clicked Button:  - Date Time: 2.06.2020 14:21:24
Username: gokhan - Clicked Button:  - Date Time: 2.06.2020 14:21:25
Username: gokhan - Clicked Button:  - Date Time: 2.06.2020 14:21:25
Username: gokhan - Clicked Button: Checkout - Date Time: 2.06.2020 14:21:32
Username: gokhan - Clicked Button: Place Order - Date Time: 2.06.2020 14:22:11
Username: gokhan - Clicked Button: Verify - Date Time: 2.06.2020 14:22:40
Username: gokhan - Clicked Button: Cart - Date Time: 2.06.2020 14:23:18
Username: gokhan - Clicked Button: Continue Shopping - Date Time: 2.06.2020 14:23:19
Username: gokhan - Clicked Button: My Orders - Date Time: 2.06.2020 14:23:20
Username: gokhan - Clicked Button: Log Out - Date Time: 2.06.2020 14:23:55
Username: gokhan - Clicked Button: Login - Date Time: 2.06.2020 14:38:26
Username: gokhan - Clicked Button: Magazines - Date Time: 2.06.2020 14:38:31
Username: gokhan - Clicked Button: CDs - Date Time: 2.06.2020 14:38:32
Username: gokhan - Clicked Button: Cart - Date Time: 2.06.2020 14:38:34
Username: gokhan - Clicked Button: Continue Shopping - Date Time: 2.06.2020 14:38:36
Username: gokhan - Clicked Button: My Orders - Date Time: 2.06.2020 14:38:37
Username: gokhan - Clicked Button: Magazines - Date Time: 2.06.2020 14:38:43
Username: gokhan - Clicked Button: CDs - Date Time: 2.06.2020 14:38:43
Username: gokhan - Clicked Button: Books - Date Time: 2.06.2020 14:38:44
Username: gokhan - Clicked Button: Add - Date Time: 2.06.2020 14:38:45
Username: gokhan - Clicked Button: Magazines - Date Time: 2.06.2020 14:38:47
Username: gokhan - Clicked Button: Add - Date Time: 2.06.2020 14:38:48
Username: gokhan - Clicked Button: CDs - Date Time: 2.06.2020 14:38:50
Username: gokhan - Clicked Button: Add - Date Time: 2.06.2020 14:38:51
Username: gokhan - Clicked Button: Cart - Date Time: 2.06.2020 14:38:52
Username: gokhan - Clicked Button:  - Date Time: 2.06.2020 14:38:58
Username: gokhan - Clicked Button:  - Date Time: 2.06.2020 14:39:00
Username: gokhan - Clicked Button: Checkout - Date Time: 2.06.2020 14:39:09
Username: gokhan - Clicked Button: Place Order - Date Time: 2.06.2020 14:39:45
Username: gokhan - Clicked Button: Verify - Date Time: 2.06.2020 14:40:00
Username: gokhan - Clicked Button: My Orders - Date Time: 2.06.2020 14:40:21
Username: gokhan - Clicked Button: Log Out - Date Time: 2.06.2020 14:40:27
Username: gokhan - Clicked Button: Login - Date Time: 2.06.2020 14:44:04
Username: gokhan - Clicked Button: Magazines - Date Time: 2.06.2020 14:44:10
Username: gokhan - Clicked Button: CDs - Date Time: 2.06.2020 14:44:10
Username: gokhan - Clicked Button: Cart - Date Time: 2.06.2020 14:44:14
Username: gokhan - Clicked Button: Continue Shopping - Date Time: 2.06.2020 14:44:17
Username: gokhan - Clicked Button: My Orders - Date Time: 2.06.2020 14:44:18
Username: gokhan - Clicked Button: Magazines - Date Time: 2.06.2020 14:44:38
Username: gokhan - Clicked Button: Books - Date Time: 2.06.2020 14:44:38
Username: gokhan - Clicked Button: Add - Date Time: 2.06.2020 14:44:39
Username: gokhan - Clicked Button: Magazines - Date Time: 2.06.2020 14:44:41
Username: gokhan - Clicked Button: Add - Date Time: 2.06.2020 14:44:41
Username: gokhan - Clicked Button: CDs - Date Time: 2.06.2020 14:44:43
Username: gokhan - Clicked Button: Add - Date Time: 2.06.2020 14:44:44
Username: gokhan - Clicked Button: Cart - Date Time: 2.06.2020 14:44:45
Username: gokhan - Clicked Button:  - Date Time: 2.06.2020 14:44:48
Username: gokhan - Clicked Button:  - Date Time: 2.06.2020 14:44:49
Username: gokhan - Clicked Button: Checkout - Date Time: 2.06.2020 14:44:55
Username: gokhan - Clicked Button: Place Order - Date Time: 2.06.2020 14:45:22
Username: Unknown user - Clicked Button: Sign Up! - Date Time: 2.06.2020 14:50:02
Username: gökhan - Clicked Button: Login - Date Time: 2.06.2020 14:50:12
Username: gökhan - Clicked Button: Cart - Date Time: 2.06.2020 14:50:15
Username: gökhan - Clicked Button: Continue Shopping - Date Time: 2.06.2020 14:50:16
Username: gökhan - Clicked Button: My Orders - Date Time: 2.06.2020 14:50:16
Username: gökhan - Clicked Button: CDs - Date Time: 2.06.2020 14:50:17
Username: gökhan - Clicked Button: Books - Date Time: 2.06.2020 14:50:18
Username: gökhan - Clicked Button: Login - Date Time: 2.06.2020 14:51:16
Username: gökhan - Clicked Button: Magazines - Date Time: 2.06.2020 14:51:27
Username: gökhan - Clicked Button: CDs - Date Time: 2.06.2020 14:51:29
Username: gökhan - Clicked Button: Cart - Date Time: 2.06.2020 14:51:43
Username: gökhan - Clicked Button: Continue Shopping - Date Time: 2.06.2020 14:51:45
Username: gökhan - Clicked Button: My Orders - Date Time: 2.06.2020 14:51:46
Username: gökhan - Clicked Button: Cart - Date Time: 2.06.2020 14:51:51
Username: gökhan - Clicked Button: Continue Shopping - Date Time: 2.06.2020 14:51:52
Username: gökhan - Clicked Button: Books - Date Time: 2.06.2020 14:51:53
Username: gökhan - Clicked Button: Add - Date Time: 2.06.2020 14:51:55
Username: gökhan - Clicked Button: Magazines - Date Time: 2.06.2020 14:51:56
Username: gökhan - Clicked Button: Add - Date Time: 2.06.2020 14:51:57
Username: gökhan - Clicked Button: CDs - Date Time: 2.06.2020 14:51:59
Username: gökhan - Clicked Button: Add - Date Time: 2.06.2020 14:52:00
Username: gökhan - Clicked Button: Cart - Date Time: 2.06.2020 14:52:02
Username: gökhan - Clicked Button: Checkout - Date Time: 2.06.2020 14:52:12
Username: gökhan - Clicked Button: Place Order - Date Time: 2.06.2020 14:52:39
Username: gökhan - Clicked Button: Verify - Date Time: 2.06.2020 14:52:52
Username: gökhan - Clicked Button: My Orders - Date Time: 2.06.2020 14:53:18
Username: gökhan - Clicked Button: Log Out - Date Time: 2.06.2020 14:53:39
Username: gökhan - Clicked Button: Login - Date Time: 2.06.2020 15:13:48
Username: gökhan - Clicked Button: Magazines - Date Time: 2.06.2020 15:13:53
Username: gökhan - Clicked Button: CDs - Date Time: 2.06.2020 15:13:55
Username: gökhan - Clicked Button: My Orders - Date Time: 2.06.2020 15:14:00
Username: gökhan - Clicked Button: Cart - Date Time: 2.06.2020 15:14:04
Username: gökhan - Clicked Button: Continue Shopping - Date Time: 2.06.2020 15:14:06
Username: gökhan - Clicked Button: Magazines - Date Time: 2.06.2020 15:14:08
Username: gökhan - Clicked Button: Books - Date Time: 2.06.2020 15:14:09
Username: gökhan - Clicked Button: Add - Date Time: 2.06.2020 15:14:10
Username: gökhan - Clicked Button: Magazines - Date Time: 2.06.2020 15:14:12
Username: gökhan - Clicked Button: Add - Date Time: 2.06.2020 15:14:13
Username: gökhan - Clicked Button: CDs - Date Time: 2.06.2020 15:14:14
Username: gökhan - Clicked Button: Add - Date Time: 2.06.2020 15:14:15
Username: gökhan - Clicked Button: Cart - Date Time: 2.06.2020 15:14:17
Username: gökhan - Clicked Button:  - Date Time: 2.06.2020 15:14:20
Username: gökhan - Clicked Button:  - Date Time: 2.06.2020 15:14:21
Username: gökhan - Clicked Button:  - Date Time: 2.06.2020 15:14:22
Username: gökhan - Clicked Button:  - Date Time: 2.06.2020 15:14:23
Username: gökhan - Clicked Button: Remove - Date Time: 2.06.2020 15:14:33
Username: gökhan - Clicked Button: Checkout - Date Time: 2.06.2020 15:14:38
Username: gökhan - Clicked Button: Place Order - Date Time: 2.06.2020 15:15:08
Username: gökhan - Clicked Button: Verify - Date Time: 2.06.2020 15:15:24
Username: gökhan - Clicked Button: Cart - Date Time: 2.06.2020 15:15:44
Username: gökhan - Clicked Button: Continue Shopping - Date Time: 2.06.2020 15:15:45
Username: gökhan - Clicked Button: My Orders - Date Time: 2.06.2020 15:15:46
Username: gökhan - Clicked Button: Log Out - Date Time: 2.06.2020 15:16:22
Username: admin - Clicked Button: Login - Date Time: 2.06.2020 15:16:27
Username: admin - Clicked Button: Admin - Date Time: 2.06.2020 15:16:31
Username: admin - Clicked Button: Add New Book - Date Time: 2.06.2020 15:16:33
Username: admin - Clicked Button: Magazines - Date Time: 2.06.2020 15:16:35
Username: admin - Clicked Button: Add New Magazine - Date Time: 2.06.2020 15:16:37
Username: admin - Clicked Button: CDs - Date Time: 2.06.2020 15:16:38
Username: admin - Clicked Button: Add New Music CD - Date Time: 2.06.2020 15:16:39
Username: admin - Clicked Button: Orders - Date Time: 2.06.2020 15:16:40
Username: admin - Clicked Button: Books - Date Time: 2.06.2020 15:16:50
Username: admin - Clicked Button: Log Out - Date Time: 2.06.2020 15:16:55
Username: gökhan - Clicked Button: Login - Date Time: 2.06.2020 15:18:57
Username: gökhan - Clicked Button: Magazines - Date Time: 2.06.2020 15:19:04
Username: gökhan - Clicked Button: CDs - Date Time: 2.06.2020 15:19:05
Username: gökhan - Clicked Button: My Orders - Date Time: 2.06.2020 15:19:17
Username: gökhan - Clicked Button: Books - Date Time: 2.06.2020 15:19:41
Username: gökhan - Clicked Button: Add - Date Time: 2.06.2020 15:19:42
Username: gökhan - Clicked Button: Magazines - Date Time: 2.06.2020 15:19:44
Username: gökhan - Clicked Button: Add - Date Time: 2.06.2020 15:19:44
Username: gökhan - Clicked Button: CDs - Date Time: 2.06.2020 15:19:46
Username: gökhan - Clicked Button: Add - Date Time: 2.06.2020 15:19:46
Username: gökhan - Clicked Button: Cart - Date Time: 2.06.2020 15:19:49
Username: gökhan - Clicked Button:  - Date Time: 2.06.2020 15:19:54
Username: gökhan - Clicked Button:  - Date Time: 2.06.2020 15:19:55
Username: gökhan - Clicked Button:  - Date Time: 2.06.2020 15:19:57
Username: gökhan - Clicked Button:  - Date Time: 2.06.2020 15:19:58
Username: gökhan - Clicked Button:  - Date Time: 2.06.2020 15:19:59
Username: gökhan - Clicked Button:  - Date Time: 2.06.2020 15:20:03
Username: gökhan - Clicked Button: Checkout - Date Time: 2.06.2020 15:20:09
Username: gökhan - Clicked Button: Place Order - Date Time: 2.06.2020 15:20:35
Username: gökhan - Clicked Button: Verify - Date Time: 2.06.2020 15:20:47
Username: gökhan - Clicked Button: My Orders - Date Time: 2.06.2020 15:21:06
Username: gökhan - Clicked Button: Log Out - Date Time: 2.06.2020 15:21:10
Username: admin - Clicked Button: Login - Date Time: 2.06.2020 15:21:14
Username: admin - Clicked Button: Admin - Date Time: 2.06.2020 15:21:16
Username: admin - Clicked Button: Add New Book - Date Time: 2.06.2020 15:21:18
Username: admin - Clicked Button: CDs - Date Time: 2.06.2020 15:21:21
Username: admin - Clicked Button: Add New Music CD - Date Time: 2.06.2020 15:21:22
Username: admin - Clicked Button: Orders - Date Time: 2.06.2020 15:21:23
Username: admin - Clicked Button: Log Out - Date Time: 2.06.2020 15:21:39
Username: gökhan - Clicked Button: Login - Date Time: 2.06.2020 15:30:40
Username: gökhan - Clicked Button: Log Out - Date Time: 2.06.2020 15:31:09
Username: admin - Clicked Button: Login - Date Time: 2.06.2020 15:31:14
